composeApp/build/intermediates/manifest_merge_blame_file/release/processReleaseMainManifest/manifest-merger-blame-release-report.txt
1<?xml version="1.0" encoding="utf-8"?>
2<manifest xmlns:android="http://schemas.android.com/apk/res/android"
3    package="com.nozero.app"
4    android:versionCode="1"
5    android:versionName="0.1.0" >
6
7    <uses-sdk
8        android:minSdkVersion="26"
9        android:targetSdkVersion="35" />
10
11    <!-- Notification permissions -->
12    <uses-permission android:name="android.permission.POST_NOTIFICATIONS" />
12-->src/androidMain/AndroidManifest.xml:5:5-77
12-->src/androidMain/AndroidManifest.xml:5:22-74
13    <uses-permission android:name="android.permission.RECEIVE_BOOT_COMPLETED" />
13-->src/androidMain/AndroidManifest.xml:6:5-81
13-->src/androidMain/AndroidManifest.xml:6:22-78
14    <uses-permission
14-->src/androidMain/AndroidManifest.xml:7:5-8:38
15        android:name="android.permission.SCHEDULE_EXACT_ALARM"
15-->src/androidMain/AndroidManifest.xml:7:22-76
16        android:maxSdkVersion="32" />
16-->src/androidMain/AndroidManifest.xml:8:9-35
17    <uses-permission android:name="android.permission.USE_EXACT_ALARM" />
17-->src/androidMain/AndroidManifest.xml:9:5-74
17-->src/androidMain/AndroidManifest.xml:9:22-71
18
19    <permission
19-->[androidx.core:core:1.13.1] AndroidManifest.xml:22:5-24:47
20        android:name="com.nozero.app.DYNAMIC_RECEIVER_NOT_EXPORTED_PERMISSION"
20-->[androidx.core:core:1.13.1] AndroidManifest.xml:23:9-81
21        android:protectionLevel="signature" />
21-->[androidx.core:core:1.13.1] AndroidManifest.xml:24:9-44
22
23    <uses-permission android:name="com.nozero.app.DYNAMIC_RECEIVER_NOT_EXPORTED_PERMISSION" />
23-->[androidx.core:core:1.13.1] AndroidManifest.xml:26:5-97
23-->[androidx.core:core:1.13.1] AndroidManifest.xml:26:22-94
24
25    <application
25-->src/androidMain/AndroidManifest.xml:11:5-45:19
26        android:name="com.nozero.app.NoZeroApplication"
26-->src/androidMain/AndroidManifest.xml:12:9-42
27        android:allowBackup="true"
27-->src/androidMain/AndroidManifest.xml:13:9-35
28        android:appComponentFactory="androidx.core.app.CoreComponentFactory"
28-->[androidx.core:core:1.13.1] AndroidManifest.xml:28:18-86
29        android:extractNativeLibs="false"
30        android:label="NoZero"
30-->src/androidMain/AndroidManifest.xml:14:9-31
31        android:supportsRtl="true"
31-->src/androidMain/AndroidManifest.xml:15:9-35
32        android:theme="@android:style/Theme.Material.NoActionBar" >
32-->src/androidMain/AndroidManifest.xml:16:9-66
33        <activity
33-->src/androidMain/AndroidManifest.xml:17:9-25:20
34            android:name="com.nozero.app.MainActivity"
34-->src/androidMain/AndroidManifest.xml:18:13-41
35            android:exported="true"
35-->src/androidMain/AndroidManifest.xml:19:13-36
36            android:windowSoftInputMode="adjustResize" >
36-->src/androidMain/AndroidManifest.xml:20:13-55
37            <intent-filter>
37-->src/androidMain/AndroidManifest.xml:21:13-24:29
38                <action android:name="android.intent.action.MAIN" />
38-->src/androidMain/AndroidManifest.xml:22:17-69
38-->src/androidMain/AndroidManifest.xml:22:25-66
39
40                <category android:name="android.intent.category.LAUNCHER" />
40-->src/androidMain/AndroidManifest.xml:23:17-77
40-->src/androidMain/AndroidManifest.xml:23:27-74
41            </intent-filter>
42        </activity>
43
44        <!-- Habit reminder alarm receiver -->
45        <receiver
45-->src/androidMain/AndroidManifest.xml:28:9-30:40
46            android:name="com.nozero.shared.notification.HabitReminderReceiver"
46-->src/androidMain/AndroidManifest.xml:29:13-80
47            android:exported="false" />
47-->src/androidMain/AndroidManifest.xml:30:13-37
48
49        <!-- Highly actionable notification receiver -->
50        <receiver
50-->src/androidMain/AndroidManifest.xml:33:9-35:40
51            android:name="com.nozero.shared.notification.HabitActionReceiver"
51-->src/androidMain/AndroidManifest.xml:34:13-78
52            android:exported="false" />
52-->src/androidMain/AndroidManifest.xml:35:13-37
53
54        <!-- Re-schedule alarms after device reboot -->
55        <receiver
55-->src/androidMain/AndroidManifest.xml:38:9-44:20
56            android:name="com.nozero.shared.notification.BootReceiver"
56-->src/androidMain/AndroidManifest.xml:39:13-71
57            android:exported="true" >
57-->src/androidMain/AndroidManifest.xml:40:13-36
58            <intent-filter>
58-->src/androidMain/AndroidManifest.xml:41:13-43:29
59                <action android:name="android.intent.action.BOOT_COMPLETED" />
59-->src/androidMain/AndroidManifest.xml:42:17-79
59-->src/androidMain/AndroidManifest.xml:42:25-76
60            </intent-filter>
61        </receiver>
62
63        <provider
63-->[org.jetbrains.compose.components:components-resources-android:1.7.3] AndroidManifest.xml:8:9-13:20
64            android:name="org.jetbrains.compose.resources.AndroidContextProvider"
64-->[org.jetbrains.compose.components:components-resources-android:1.7.3] AndroidManifest.xml:9:13-82
65            android:authorities="com.nozero.app.resources.AndroidContextProvider"
65-->[org.jetbrains.compose.components:components-resources-android:1.7.3] AndroidManifest.xml:10:13-84
66            android:enabled="true"
66-->[org.jetbrains.compose.components:components-resources-android:1.7.3] AndroidManifest.xml:11:13-35
67            android:exported="false" >
67-->[org.jetbrains.compose.components:components-resources-android:1.7.3] AndroidManifest.xml:12:13-37
68        </provider>
69        <provider
69-->[androidx.emoji2:emoji2:1.3.0] AndroidManifest.xml:24:9-32:20
70            android:name="androidx.startup.InitializationProvider"
70-->[androidx.emoji2:emoji2:1.3.0] AndroidManifest.xml:25:13-67
71            android:authorities="com.nozero.app.androidx-startup"
71-->[androidx.emoji2:emoji2:1.3.0] AndroidManifest.xml:26:13-68
72            android:exported="false" >
72-->[androidx.emoji2:emoji2:1.3.0] AndroidManifest.xml:27:13-37
73            <meta-data
73-->[androidx.emoji2:emoji2:1.3.0] AndroidManifest.xml:29:13-31:52
74                android:name="androidx.emoji2.text.EmojiCompatInitializer"
74-->[androidx.emoji2:emoji2:1.3.0] AndroidManifest.xml:30:17-75
75                android:value="androidx.startup" />
75-->[androidx.emoji2:emoji2:1.3.0] AndroidManifest.xml:31:17-49
76            <meta-data
76-->[androidx.lifecycle:lifecycle-process:2.8.5] AndroidManifest.xml:29:13-31:52
77                android:name="androidx.lifecycle.ProcessLifecycleInitializer"
77-->[androidx.lifecycle:lifecycle-process:2.8.5] AndroidManifest.xml:30:17-78
78                android:value="androidx.startup" />
78-->[androidx.lifecycle:lifecycle-process:2.8.5] AndroidManifest.xml:31:17-49
79            <meta-data
79-->[androidx.profileinstaller:profileinstaller:1.3.1] AndroidManifest.xml:29:13-31:52
80                android:name="androidx.profileinstaller.ProfileInstallerInitializer"
80-->[androidx.profileinstaller:profileinstaller:1.3.1] AndroidManifest.xml:30:17-85
81                android:value="androidx.startup" />
81-->[androidx.profileinstaller:profileinstaller:1.3.1] AndroidManifest.xml:31:17-49
82        </provider>
83
84        <receiver
84-->[androidx.profileinstaller:profileinstaller:1.3.1] AndroidManifest.xml:34:9-52:20
85            android:name="androidx.profileinstaller.ProfileInstallReceiver"
85-->[androidx.profileinstaller:profileinstaller:1.3.1] AndroidManifest.xml:35:13-76
86            android:directBootAware="false"
86-->[androidx.profileinstaller:profileinstaller:1.3.1] AndroidManifest.xml:36:13-44
87            android:enabled="true"
87-->[androidx.profileinstaller:profileinstaller:1.3.1] AndroidManifest.xml:37:13-35
88            android:exported="true"
88-->[androidx.profileinstaller:profileinstaller:1.3.1] AndroidManifest.xml:38:13-36
89            android:permission="android.permission.DUMP" >
89-->[androidx.profileinstaller:profileinstaller:1.3.1] AndroidManifest.xml:39:13-57
90            <intent-filter>
90-->[androidx.profileinstaller:profileinstaller:1.3.1] AndroidManifest.xml:40:13-42:29
91                <action android:name="androidx.profileinstaller.action.INSTALL_PROFILE" />
91-->[androidx.profileinstaller:profileinstaller:1.3.1] AndroidManifest.xml:41:17-91
91-->[androidx.profileinstaller:profileinstaller:1.3.1] AndroidManifest.xml:41:25-88
92            </intent-filter>
93            <intent-filter>
93-->[androidx.profileinstaller:profileinstaller:1.3.1] AndroidManifest.xml:43:13-45:29
94                <action android:name="androidx.profileinstaller.action.SKIP_FILE" />
94-->[androidx.profileinstaller:profileinstaller:1.3.1] AndroidManifest.xml:44:17-85
94-->[androidx.profileinstaller:profileinstaller:1.3.1] AndroidManifest.xml:44:25-82
95            </intent-filter>
96            <intent-filter>
96-->[androidx.profileinstaller:profileinstaller:1.3.1] AndroidManifest.xml:46:13-48:29
97                <action android:name="androidx.profileinstaller.action.SAVE_PROFILE" />
97-->[androidx.profileinstaller:profileinstaller:1.3.1] AndroidManifest.xml:47:17-88
97-->[androidx.profileinstaller:profileinstaller:1.3.1] AndroidManifest.xml:47:25-85
98            </intent-filter>
99            <intent-filter>
99-->[androidx.profileinstaller:profileinstaller:1.3.1] AndroidManifest.xml:49:13-51:29
100                <action android:name="androidx.profileinstaller.action.BENCHMARK_OPERATION" />
100-->[androidx.profileinstaller:profileinstaller:1.3.1] AndroidManifest.xml:50:17-95
100-->[androidx.profileinstaller:profileinstaller:1.3.1] AndroidManifest.xml:50:25-92
101            </intent-filter>
102        </receiver>
103    </application>
104
105</manifest>